<?xml version="1.0" encoding="UTF-8"?>
<!-- Generated by org.testng.reporters.JUnitReportReporter -->
<testsuite hostname="LP-PF1AC4MX" name="TestRunner.TestRun" tests="1" failures="0" timestamp="16 Dec 2021 11:49:25 GMT" time="54.409" errors="0">
  <testcase name="feature" time="54.409" classname="TestRunner.TestRun"/>
</testsuite> <!-- TestRunner.TestRun -->
